[2019-06-03 22:17:42.292] [exthost] [info] extension host started
[2019-06-03 22:17:42.450] [exthost] [info] ExtensionService#_doActivateExtension vscode.debug-auto-launch {"startup":true,"activationEvent":"*"}
[2019-06-03 22:17:42.451] [exthost] [info] ExtensionService#loadCommonJSModule /home/mohamed/.codemix/engine/resources/app/extensions/debug-auto-launch/dist/extension
[2019-06-03 22:17:42.489] [exthost] [info] ExtensionService#_doActivateExtension vscode.emmet {"startup":true,"activationEvent":"*"}
[2019-06-03 22:17:42.489] [exthost] [info] ExtensionService#loadCommonJSModule /home/mohamed/.codemix/engine/resources/app/extensions/emmet/dist/extension
[2019-06-03 22:17:42.588] [exthost] [info] ExtensionService#_doActivateExtension vscode.merge-conflict {"startup":true,"activationEvent":"*"}
[2019-06-03 22:17:42.588] [exthost] [info] ExtensionService#loadCommonJSModule /home/mohamed/.codemix/engine/resources/app/extensions/merge-conflict/dist/extension
[2019-06-03 22:17:42.658] [exthost] [info] ExtensionService#_doActivateExtension christian-kohler.path-intellisense {"startup":true,"activationEvent":"*"}
[2019-06-03 22:17:42.660] [exthost] [info] ExtensionService#loadCommonJSModule /home/mohamed/.codemix/extensions/christian-kohler.path-intellisense-1.4.2/out/src/extension
[2019-06-03 22:17:42.802] [exthost] [info] ExtensionService#_doActivateExtension dbaeumer.vscode-eslint {"startup":true,"activationEvent":"*"}
[2019-06-03 22:17:42.804] [exthost] [info] ExtensionService#loadCommonJSModule /home/mohamed/.codemix/extensions/dbaeumer.vscode-eslint-1.8.2/client/out/extension
[2019-06-03 22:17:43.086] [exthost] [info] ExtensionService#_doActivateExtension formulahendry.auto-close-tag {"startup":true,"activationEvent":"*"}
[2019-06-03 22:17:43.086] [exthost] [info] ExtensionService#loadCommonJSModule /home/mohamed/.codemix/extensions/formulahendry.auto-close-tag-0.5.6/out/src/extension
[2019-06-03 22:17:43.148] [exthost] [info] ExtensionService#_doActivateExtension formulahendry.auto-rename-tag {"startup":true,"activationEvent":"*"}
[2019-06-03 22:17:43.148] [exthost] [info] ExtensionService#loadCommonJSModule /home/mohamed/.codemix/extensions/formulahendry.auto-rename-tag-0.0.15/out/src/extension
[2019-06-03 22:17:43.172] [exthost] [info] ExtensionService#_doActivateExtension vscode.configuration-editing {"startup":false,"activationEvent":"onLanguage:jsonc"}
[2019-06-03 22:17:43.172] [exthost] [info] ExtensionService#loadCommonJSModule /home/mohamed/.codemix/engine/resources/app/extensions/configuration-editing/dist/extension
[2019-06-03 22:17:43.224] [exthost] [info] ExtensionService#_doActivateExtension vscode.json-language-features {"startup":false,"activationEvent":"onLanguage:jsonc"}
[2019-06-03 22:17:43.224] [exthost] [info] ExtensionService#loadCommonJSModule /home/mohamed/.codemix/engine/resources/app/extensions/json-language-features/client/dist/jsonMain
[2019-06-03 22:17:43.556] [exthost] [info] ExtensionService#_doActivateExtension vscode.typescript-language-features {"startup":false,"activationEvent":"onLanguage:jsonc"}
[2019-06-03 22:17:43.556] [exthost] [info] ExtensionService#loadCommonJSModule /home/mohamed/.codemix/engine/resources/app/extensions/typescript-language-features/dist/extension
[2019-06-03 22:17:44.092] [exthost] [info] extension host started
[2019-06-03 22:17:44.164] [exthost] [info] ExtensionService#_doActivateExtension vscode.debug-auto-launch {"startup":true,"activationEvent":"*"}
[2019-06-03 22:17:44.164] [exthost] [info] ExtensionService#loadCommonJSModule /home/mohamed/.codemix/engine/resources/app/extensions/debug-auto-launch/dist/extension
[2019-06-03 22:17:44.173] [exthost] [info] ExtensionService#_doActivateExtension vscode.emmet {"startup":true,"activationEvent":"*"}
[2019-06-03 22:17:44.174] [exthost] [info] ExtensionService#loadCommonJSModule /home/mohamed/.codemix/engine/resources/app/extensions/emmet/dist/extension
[2019-06-03 22:17:44.223] [exthost] [info] ExtensionService#_doActivateExtension vscode.merge-conflict {"startup":true,"activationEvent":"*"}
[2019-06-03 22:17:44.223] [exthost] [info] ExtensionService#loadCommonJSModule /home/mohamed/.codemix/engine/resources/app/extensions/merge-conflict/dist/extension
[2019-06-03 22:17:44.239] [exthost] [info] ExtensionService#_doActivateExtension christian-kohler.path-intellisense {"startup":true,"activationEvent":"*"}
[2019-06-03 22:17:44.239] [exthost] [info] ExtensionService#loadCommonJSModule /home/mohamed/.codemix/extensions/christian-kohler.path-intellisense-1.4.2/out/src/extension
[2019-06-03 22:17:44.271] [exthost] [info] ExtensionService#_doActivateExtension dbaeumer.vscode-eslint {"startup":true,"activationEvent":"*"}
[2019-06-03 22:17:44.271] [exthost] [info] ExtensionService#loadCommonJSModule /home/mohamed/.codemix/extensions/dbaeumer.vscode-eslint-1.8.2/client/out/extension
[2019-06-03 22:17:44.501] [exthost] [info] ExtensionService#_doActivateExtension formulahendry.auto-close-tag {"startup":true,"activationEvent":"*"}
[2019-06-03 22:17:44.501] [exthost] [info] ExtensionService#loadCommonJSModule /home/mohamed/.codemix/extensions/formulahendry.auto-close-tag-0.5.6/out/src/extension
[2019-06-03 22:17:44.505] [exthost] [info] ExtensionService#_doActivateExtension formulahendry.auto-rename-tag {"startup":true,"activationEvent":"*"}
[2019-06-03 22:17:44.505] [exthost] [info] ExtensionService#loadCommonJSModule /home/mohamed/.codemix/extensions/formulahendry.auto-rename-tag-0.0.15/out/src/extension
[2019-06-03 22:17:44.524] [exthost] [info] ExtensionService#_doActivateExtension vscode.configuration-editing {"startup":false,"activationEvent":"onLanguage:jsonc"}
[2019-06-03 22:17:44.524] [exthost] [info] ExtensionService#loadCommonJSModule /home/mohamed/.codemix/engine/resources/app/extensions/configuration-editing/dist/extension
[2019-06-03 22:17:44.559] [exthost] [info] ExtensionService#_doActivateExtension vscode.json-language-features {"startup":false,"activationEvent":"onLanguage:jsonc"}
[2019-06-03 22:17:44.572] [exthost] [info] ExtensionService#loadCommonJSModule /home/mohamed/.codemix/engine/resources/app/extensions/json-language-features/client/dist/jsonMain
[2019-06-03 22:17:44.927] [exthost] [info] ExtensionService#_doActivateExtension vscode.typescript-language-features {"startup":false,"activationEvent":"onLanguage:jsonc"}
[2019-06-03 22:17:44.927] [exthost] [info] ExtensionService#loadCommonJSModule /home/mohamed/.codemix/engine/resources/app/extensions/typescript-language-features/dist/extension
[2019-06-03 22:17:45.125] [exthost] [info] ExtensionService#_doActivateExtension vscode.grunt {"startup":false,"activationEvent":"onCommand:workbench.action.tasks.runTask"}
[2019-06-03 22:17:45.126] [exthost] [info] ExtensionService#loadCommonJSModule /home/mohamed/.codemix/engine/resources/app/extensions/grunt/dist/main
[2019-06-03 22:17:45.168] [exthost] [info] ExtensionService#_doActivateExtension vscode.gulp {"startup":false,"activationEvent":"onCommand:workbench.action.tasks.runTask"}
[2019-06-03 22:17:45.168] [exthost] [info] ExtensionService#loadCommonJSModule /home/mohamed/.codemix/engine/resources/app/extensions/gulp/dist/main
[2019-06-03 22:17:45.190] [exthost] [info] ExtensionService#_doActivateExtension vscode.jake {"startup":false,"activationEvent":"onCommand:workbench.action.tasks.runTask"}
[2019-06-03 22:17:45.190] [exthost] [info] ExtensionService#loadCommonJSModule /home/mohamed/.codemix/engine/resources/app/extensions/jake/dist/main
[2019-06-03 22:17:45.214] [exthost] [info] ExtensionService#_doActivateExtension vscode.npm {"startup":false,"activationEvent":"onCommand:workbench.action.tasks.runTask"}
[2019-06-03 22:17:45.214] [exthost] [info] ExtensionService#loadCommonJSModule /home/mohamed/.codemix/engine/resources/app/extensions/npm/dist/main
[2019-06-03 22:17:46.811] [exthost] [info] eager extensions activated
